\BOOKMARK [0][-]{chapter.1}{\376\377\000I\000n\000t\000r\000o\000d\000u\000c\000t\000i\000o\000n}{}% 1
\BOOKMARK [1][-]{section.1.1}{\376\377\000M\000o\000t\000i\000v\000a\000t\000i\000o\000n}{chapter.1}% 2
\BOOKMARK [1][-]{section.1.2}{\376\377\000P\000u\000r\000p\000o\000s\000e}{chapter.1}% 3
\BOOKMARK [1][-]{section.1.3}{\376\377\000R\000e\000l\000a\000t\000e\000d\000\040\000w\000o\000r\000k}{chapter.1}% 4
\BOOKMARK [0][-]{chapter.2}{\376\377\000B\000l\000o\000c\000k\000c\000h\000a\000i\000n}{}% 5
\BOOKMARK [1][-]{section.2.1}{\376\377\000G\000e\000n\000e\000r\000a\000l\000i\000t\000i\000e\000s}{chapter.2}% 6
\BOOKMARK [1][-]{section.2.2}{\376\377\000H\000o\000w\000\040\000d\000o\000\040\000c\000r\000y\000p\000t\000o\000c\000u\000r\000r\000e\000n\000c\000i\000e\000s\000\040\000w\000o\000r\000k\000?}{chapter.2}% 7
\BOOKMARK [1][-]{section.2.3}{\376\377\000S\000m\000a\000r\000t\000\040\000C\000o\000n\000t\000r\000a\000c\000t\000s}{chapter.2}% 8
\BOOKMARK [1][-]{section.2.4}{\376\377\000C\000r\000y\000p\000t\000o\000\040\000W\000a\000l\000l\000e\000t\000s}{chapter.2}% 9
\BOOKMARK [1][-]{section.2.5}{\376\377\000M\000u\000l\000t\000i\000s\000i\000g\000n\000a\000t\000u\000r\000e\000\040\000W\000a\000l\000l\000e\000t\000s}{chapter.2}% 10
\BOOKMARK [1][-]{section.2.6}{\376\377\000A\000c\000c\000o\000u\000n\000t\000\040\000A\000b\000s\000t\000r\000a\000c\000t\000i\000o\000n}{chapter.2}% 11
\BOOKMARK [1][-]{section.2.7}{\376\377\000E\000t\000h\000e\000r\000e\000u\000m\000\040\000V\000i\000r\000t\000u\000a\000l\000\040\000M\000a\000c\000h\000i\000n\000e\000\040\000a\000n\000d\000\040\000L\000a\000y\000e\000r\000\040\0002\000s}{chapter.2}% 12
\BOOKMARK [1][-]{section.2.8}{\376\377\000O\000p\000t\000i\000m\000i\000s\000m}{chapter.2}% 13
\BOOKMARK [1][-]{section.2.9}{\376\377\000A\000r\000b\000i\000t\000r\000u\000m}{chapter.2}% 14
\BOOKMARK [0][-]{chapter.3}{\376\377\000T\000e\000c\000h\000n\000o\000l\000o\000g\000i\000e\000s}{}% 15
\BOOKMARK [1][-]{section.3.1}{\376\377\000S\000o\000l\000i\000d\000i\000t\000y}{chapter.3}% 16
\BOOKMARK [1][-]{section.3.2}{\376\377\000H\000a\000r\000d\000h\000a\000t}{chapter.3}% 17
\BOOKMARK [1][-]{section.3.3}{\376\377\000N\000e\000x\000t\000j\000s}{chapter.3}% 18
\BOOKMARK [1][-]{section.3.4}{\376\377\000T\000y\000p\000e\000s\000c\000r\000i\000p\000t}{chapter.3}% 19
\BOOKMARK [1][-]{section.3.5}{\376\377\000T\000a\000i\000l\000w\000i\000n\000d}{chapter.3}% 20
\BOOKMARK [1][-]{section.3.6}{\376\377\000R\000a\000i\000n\000b\000o\000w\000K\000i\000t}{chapter.3}% 21
\BOOKMARK [1][-]{section.3.7}{\376\377\000I\000n\000f\000u\000r\000a}{chapter.3}% 22
\BOOKMARK [1][-]{section.3.8}{\376\377\000E\000t\000h\000e\000r\000s\000c\000a\000n}{chapter.3}% 23
\BOOKMARK [1][-]{section.3.9}{\376\377\000V\000i\000e\000m}{chapter.3}% 24
\BOOKMARK [1][-]{section.3.10}{\376\377\000W\000a\000g\000m\000i}{chapter.3}% 25
\BOOKMARK [1][-]{section.3.11}{\376\377\000u\000s\000e\000Q\000u\000e\000r\000y}{chapter.3}% 26
\BOOKMARK [1][-]{section.3.12}{\376\377\000H\000T\000M\000L}{chapter.3}% 27
\BOOKMARK [1][-]{section.3.13}{\376\377\000J\000a\000v\000a\000s\000c\000r\000i\000p\000t}{chapter.3}% 28
\BOOKMARK [1][-]{section.3.14}{\376\377\000C\000S\000S}{chapter.3}% 29
\BOOKMARK [0][-]{chapter.4}{\376\377\000"\000V\000a\000u\000l\000t\000"\000\040\000M\000u\000l\000t\000i\000s\000i\000g\000\040\000I\000m\000p\000l\000e\000m\000e\000n\000t\000a\000t\000i\000o\000n}{}% 30
\BOOKMARK [1][-]{section.4.1}{\376\377\000M\000u\000l\000t\000i\000s\000i\000g\000\040\000S\000m\000a\000r\000t\000\040\000C\000o\000n\000t\000r\000a\000c\000t}{chapter.4}% 31
\BOOKMARK [1][-]{section.4.2}{\376\377\000A\000t\000l\000a\000s\000\040\000-\000\040\0002\000F\000A\000\040\000F\000e\000a\000t\000u\000r\000e}{chapter.4}% 32
\BOOKMARK [1][-]{section.4.3}{\376\377\000B\000a\000c\000k\000e\000n\000d}{chapter.4}% 33
\BOOKMARK [1][-]{section.4.4}{\376\377\000D\000a\000t\000a\000b\000a\000s\000e}{chapter.4}% 34
\BOOKMARK [1][-]{section.4.5}{\376\377\000F\000r\000o\000n\000t\000e\000n\000d}{chapter.4}% 35
\BOOKMARK [1][-]{section.4.6}{\376\377\000F\000u\000r\000t\000h\000e\000r\000\040\000I\000m\000p\000r\000o\000v\000e\000m\000e\000n\000t\000s}{chapter.4}% 36
\BOOKMARK [0][-]{chapter.5}{\376\377\000E\000x\000p\000e\000r\000i\000m\000e\000n\000t\000s\000\040\000a\000n\000d\000\040\000D\000i\000s\000c\000u\000s\000s\000i\000o\000n\000s}{}% 37
\BOOKMARK [1][-]{section.5.1}{\376\377\000E\000t\000h\000e\000r\000e\000u\000m\000\040\000v\000s\000\040\000O\000p\000t\000i\000m\000i\000s\000m\000\040\000v\000s\000\040\000A\000r\000b\000i\000t\000r\000u\000m}{chapter.5}% 38
\BOOKMARK [1][-]{section.5.2}{\376\377\000M\000e\000t\000a\000M\000a\000s\000k\000\040\000v\000s\000\040\000R\000a\000i\000n\000b\000o\000w\000\040\000W\000a\000l\000l\000e\000t}{chapter.5}% 39
\BOOKMARK [0][-]{chapter.6}{\376\377\000C\000o\000n\000c\000l\000u\000s\000i\000o\000n\000s}{}% 40
\BOOKMARK [0][-]{chapter*.2}{\376\377\000B\000i\000b\000l\000i\000o\000g\000r\000a\000p\000h\000y}{}% 41
